<?xml version="1.0" encoding="UTF-8"?>
<!-- Generated by org.testng.reporters.JUnitReportReporter -->
<testsuite hostname="PawitriJ" failures="0" tests="1" name="testCases.HomePageTest" time="25.910" errors="0" timestamp="2022-06-19T22:17:22 EDT" skipped="0">
  <testcase classname="testCases.HomePageTest" name="homePage_BackTotopButton_2" time="25.910"/>
  <system-out/>
</testsuite> <!-- testCases.HomePageTest -->
