<?xml version="1.0" encoding="UTF-8"?>
<!-- Generated by org.testng.reporters.JUnitReportReporter -->
<testsuite hostname="PawitriJ" failures="0" tests="1" name="testCases.HomePageTest" time="128.647" errors="0" timestamp="2022-06-28T18:12:01 EDT" skipped="0">
  <testcase classname="testCases.HomePageTest" name="homePage_categoryTabFunctionality_6" time="128.647"/>
  <system-out/>
</testsuite> <!-- testCases.HomePageTest -->
