<?xml version="1.0" encoding="UTF-8"?>
<!-- Generated by org.testng.reporters.JUnitReportReporter -->
<testsuite hostname="PawitriJ" failures="0" tests="1" name="testCases.ShopTravel" time="41.212" errors="0" timestamp="2022-06-18T16:14:00 EDT" skipped="0">
  <testcase classname="testCases.ShopTravel" name="Search_hotel_1" time="41.212"/>
  <system-out/>
</testsuite> <!-- testCases.ShopTravel -->
