<?xml version="1.0" encoding="UTF-8"?>
<!-- Generated by org.testng.reporters.JUnitReportReporter -->
<testsuite hostname="PawitriJ" failures="0" tests="1" name="testCases.SerachTest" time="65.836" errors="0" timestamp="2022-06-19T21:35:00 EDT" skipped="0">
  <testcase classname="testCases.SerachTest" name="Serach_SearchByInputItemFunctionality_3" time="65.836"/>
  <system-out/>
</testsuite> <!-- testCases.SerachTest -->
