<?xml version="1.0" encoding="UTF-8"?>
<!-- Generated by org.testng.reporters.JUnitReportReporter -->
<testsuite hostname="PawitriJ" failures="0" tests="1" name="testCases.HomePageTest" time="19.491" errors="0" timestamp="2022-06-16T19:59:05 EDT" skipped="0">
  <testcase classname="testCases.HomePageTest" name="homePage_hgfglkjkhgdfjhklhkglkhgf_1" time="19.491"/>
  <system-out/>
</testsuite> <!-- testCases.HomePageTest -->
