<?xml version="1.0" encoding="UTF-8"?>
<!-- Generated by org.testng.reporters.JUnitReportReporter -->
<testsuite hostname="PawitriJ" failures="0" tests="1" name="testCases.CartTest" time="276.608" errors="0" timestamp="2022-06-28T19:56:36 EDT" skipped="0">
  <testcase classname="testCases.CartTest" name="Cart_VerifySubTotal_2" time="276.608"/>
  <system-out/>
</testsuite> <!-- testCases.CartTest -->
