<?xml version="1.0" encoding="UTF-8"?>
<!-- Generated by org.testng.reporters.JUnitReportReporter -->
<testsuite hostname="PawitriJ" failures="0" tests="1" name="testCases.CartTest" time="288.724" errors="0" timestamp="2022-06-23T04:24:46 EDT" skipped="0">
  <testcase classname="testCases.CartTest" name="Cart_VerifySubTotal_2" time="288.724"/>
  <system-out/>
</testsuite> <!-- testCases.CartTest -->
