<?xml version="1.0" encoding="UTF-8"?>
<!-- Generated by org.testng.reporters.JUnitReportReporter -->
<testsuite hostname="PawitriJ" failures="0" tests="1" name="testCases.HomePageTest" time="372.744" errors="0" timestamp="2022-06-21T18:19:36 EDT" skipped="0">
  <testcase classname="testCases.HomePageTest" name="homePage_categoryTabFunctionality_1" time="372.744"/>
  <system-out/>
</testsuite> <!-- testCases.HomePageTest -->
