<?xml version="1.0" encoding="UTF-8"?>
<!-- Generated by org.testng.reporters.JUnitReportReporter -->
<testsuite hostname="PawitriJ" failures="0" tests="1" name="testCases.CartTest" time="278.180" errors="0" timestamp="2022-06-22T07:34:14 EDT" skipped="0">
  <testcase classname="testCases.CartTest" name="Cart_VerifySubTotal_1" time="278.180"/>
  <system-out/>
</testsuite> <!-- testCases.CartTest -->
