<?xml version="1.0" encoding="UTF-8"?>
<!-- Generated by org.testng.reporters.JUnitReportReporter -->
<testsuite hostname="PawitriJ" failures="0" tests="1" name="testCases.HomePageTest" time="12.764" errors="0" timestamp="2022-06-16T19:24:24 EDT" skipped="0">
  <testcase classname="testCases.HomePageTest" name="homePage_hgfglkjkhgdfjhklhkglkhgf_1" time="12.764"/>
  <system-out/>
</testsuite> <!-- testCases.HomePageTest -->
