<?xml version="1.0" encoding="UTF-8"?>
<!-- Generated by org.testng.reporters.JUnitReportReporter -->
<testsuite hostname="PawitriJ" failures="0" tests="1" name="testCases.ShopTravel" time="88.094" errors="0" timestamp="2022-06-22T07:00:28 EDT" skipped="0">
  <testcase classname="testCases.ShopTravel" name="Search_flight_2" time="88.094"/>
  <system-out/>
</testsuite> <!-- testCases.ShopTravel -->
