<?xml version="1.0" encoding="UTF-8"?>
<!-- Generated by org.testng.reporters.JUnitReportReporter -->
<testsuite hostname="PawitriJ" failures="0" tests="1" name="testCases.SerachTest" time="39.938" errors="0" timestamp="2022-06-23T01:22:26 EDT" skipped="0">
  <testcase classname="testCases.SerachTest" name="Serach_SuggestionFunctionality_2" time="39.938"/>
  <system-out/>
</testsuite> <!-- testCases.SerachTest -->
