<?xml version="1.0" encoding="UTF-8"?>
<!-- Generated by org.testng.reporters.JUnitReportReporter -->
<testsuite hostname="PawitriJ" failures="0" tests="2" name="testCases.CartTest" time="697.018" errors="0" timestamp="2022-06-29T19:02:16 EDT" skipped="0">
  <testcase classname="testCases.CartTest" name="Cart_VerifySaveForLater_1" time="433.064"/>
  <system-out/>
  <testcase classname="testCases.CartTest" name="Cart_VerifySubTotal_2" time="263.954"/>
  <system-out/>
</testsuite> <!-- testCases.CartTest -->
