<?xml version="1.0" encoding="UTF-8"?>
<!-- Generated by org.testng.reporters.JUnitReportReporter -->
<testsuite hostname="PawitriJ" failures="0" tests="1" name="testCases.HomePageTest" time="589.940" errors="0" timestamp="2022-06-22T04:33:13 EDT" skipped="0">
  <testcase classname="testCases.HomePageTest" name="homePage_logoNavigatesToHomePage_3" time="589.940"/>
  <system-out/>
</testsuite> <!-- testCases.HomePageTest -->
