<?xml version="1.0" encoding="UTF-8"?>
<!-- Generated by org.testng.reporters.JUnitReportReporter -->
<testsuite hostname="PawitriJ" failures="0" tests="6" name="testCases.HomePageTest" time="1707.557" errors="0" timestamp="2022-06-23T01:53:43 EDT" skipped="0">
  <testcase classname="testCases.HomePageTest" name="homePage_HomePageCategoryBanners_1" time="51.845"/>
  <system-out/>
  <testcase classname="testCases.HomePageTest" name="homePage_BackTotopButton_2" time="24.141"/>
  <system-out/>
  <testcase classname="testCases.HomePageTest" name="homePage_logoNavigatesToHomePage_3" time="634.313"/>
  <system-out/>
  <testcase classname="testCases.HomePageTest" name="homePage_categoryTabFunctionality_4" time="492.374"/>
  <system-out/>
  <testcase classname="testCases.HomePageTest" name="homePage_tabsUnderSearchBarFunctionality_5" time="339.959"/>
  <system-out/>
  <testcase classname="testCases.HomePageTest" name="homePage_categoryTabFunctionality_6" time="164.925"/>
  <system-out/>
</testsuite> <!-- testCases.HomePageTest -->
